c:\users\tommy\desktop\software apps\domaapplication\domaapplicationv0.1.0\domaappl.4aaa2b33\x64\release\vc143.pdb
c:\users\tommy\desktop\software apps\domaapplication\domaapplicationv0.1.0\domaappl.4aaa2b33\x64\release\idgenerator.obj
c:\users\tommy\desktop\software apps\domaapplication\domaapplicationv0.1.0\domaappl.4aaa2b33\x64\release\filedisplay.obj
c:\users\tommy\desktop\software apps\domaapplication\domaapplicationv0.1.0\domaappl.4aaa2b33\x64\release\domaapplicationv0.1.0.obj
c:\users\tommy\desktop\software apps\domaapplication\domaapplicationv0.1.0\x64\release\glfw3.dll
c:\users\tommy\desktop\software apps\domaapplication\domaapplicationv0.1.0\x64\release\freetype.dll
c:\users\tommy\desktop\software apps\domaapplication\domaapplicationv0.1.0\x64\release\zlib1.dll
c:\users\tommy\desktop\software apps\domaapplication\domaapplicationv0.1.0\x64\release\bz2.dll
c:\users\tommy\desktop\software apps\domaapplication\domaapplicationv0.1.0\x64\release\libpng16.dll
c:\users\tommy\desktop\software apps\domaapplication\domaapplicationv0.1.0\x64\release\brotlidec.dll
c:\users\tommy\desktop\software apps\domaapplication\domaapplicationv0.1.0\x64\release\brotlicommon.dll
c:\users\tommy\desktop\software apps\domaapplication\domaapplicationv0.1.0\x64\release\domaapplicationv0.1.0.exe
c:\users\tommy\desktop\software apps\domaapplication\domaapplicationv0.1.0\x64\release\domaapplicationv0.1.0.pdb
c:\users\tommy\desktop\software apps\domaapplication\domaapplicationv0.1.0\domaappl.4aaa2b33\x64\release\domaapplicationv0.1.0.ipdb
c:\users\tommy\desktop\software apps\domaapplication\domaapplicationv0.1.0\domaappl.4aaa2b33\x64\release\domaapplicationv0.1.0.iobj
c:\users\tommy\desktop\software apps\domaapplication\domaapplicationv0.1.0\domaappl.4aaa2b33\x64\release\domaappl.4aaa2b33.tlog\cl.command.1.tlog
c:\users\tommy\desktop\software apps\domaapplication\domaapplicationv0.1.0\domaappl.4aaa2b33\x64\release\domaappl.4aaa2b33.tlog\cl.items.tlog
c:\users\tommy\desktop\software apps\domaapplication\domaapplicationv0.1.0\domaappl.4aaa2b33\x64\release\domaappl.4aaa2b33.tlog\cl.read.1.tlog
c:\users\tommy\desktop\software apps\domaapplication\domaapplicationv0.1.0\domaappl.4aaa2b33\x64\release\domaappl.4aaa2b33.tlog\cl.write.1.tlog
c:\users\tommy\desktop\software apps\domaapplication\domaapplicationv0.1.0\domaappl.4aaa2b33\x64\release\domaappl.4aaa2b33.tlog\domaapplicationv0.1.0.write.1u.tlog
c:\users\tommy\desktop\software apps\domaapplication\domaapplicationv0.1.0\domaappl.4aaa2b33\x64\release\domaappl.4aaa2b33.tlog\link.command.1.tlog
c:\users\tommy\desktop\software apps\domaapplication\domaapplicationv0.1.0\domaappl.4aaa2b33\x64\release\domaappl.4aaa2b33.tlog\link.read.1.tlog
c:\users\tommy\desktop\software apps\domaapplication\domaapplicationv0.1.0\domaappl.4aaa2b33\x64\release\domaappl.4aaa2b33.tlog\link.secondary.1.tlog
c:\users\tommy\desktop\software apps\domaapplication\domaapplicationv0.1.0\domaappl.4aaa2b33\x64\release\domaappl.4aaa2b33.tlog\link.write.1.tlog
